<?xml version="1.0" encoding="UTF-8"?>
<!-- Generated by org.testng.reporters.JUnitReportReporter -->
<testsuite hostname="USMUMRKARKHA2" name="com.pageobjectmodelassignment.testcases.TC_002_Retrieve_Exsisting_Computer2" tests="2" failures="0" timestamp="11 Feb 2019 00:17:30 GMT" time="4.105" errors="0">
  <testcase name="addNewComputer" time="1.961" classname="com.pageobjectmodelassignment.testcases.TC_002_Retrieve_Exsisting_Computer2"/>
  <testcase name="validateRetrieveComputer" time="2.144" classname="com.pageobjectmodelassignment.testcases.TC_002_Retrieve_Exsisting_Computer2"/>
</testsuite> <!-- com.pageobjectmodelassignment.testcases.TC_002_Retrieve_Exsisting_Computer2 -->
