<?xml version="1.0" encoding="UTF-8"?>
<!-- Generated by org.testng.reporters.JUnitReportReporter -->
<testsuite hostname="USMUMRKARKHA2" name="com.pageobjectmodelassignment.testcases.TC_001_Add_New_Computer" tests="2" failures="0" timestamp="22 Feb 2019 00:00:06 GMT" time="3.047" errors="0">
  <testcase name="addNewComputer" time="2.178" classname="com.pageobjectmodelassignment.testcases.TC_001_Add_New_Computer"/>
  <testcase name="searchAddedComputer" time="0.869" classname="com.pageobjectmodelassignment.testcases.TC_001_Add_New_Computer"/>
</testsuite> <!-- com.pageobjectmodelassignment.testcases.TC_001_Add_New_Computer -->
