<?xml version="1.0" encoding="UTF-8"?>
<!-- Generated by org.testng.reporters.JUnitReportReporter -->
<testsuite hostname="USMUMRKARKHA2" name="com.pageobjectmodelskeleton.testcases.DebugTest" tests="1" failures="0" timestamp="9 Feb 2019 00:47:00 GMT" time="33.374" errors="0">
  <testcase name="sampleTest" time="33.374" classname="com.pageobjectmodelskeleton.testcases.DebugTest"/>
</testsuite> <!-- com.pageobjectmodelskeleton.testcases.DebugTest -->
