<?xml version="1.0" encoding="UTF-8"?>
<!-- Generated by org.testng.reporters.JUnitReportReporter -->
<testsuite hostname="USMUMRKARKHA2" name="com.pageobjectmodelassignment.testcases.TC_003_Delete_Computer" tests="3" failures="0" timestamp="22 Feb 2019 00:00:06 GMT" time="4.950" errors="0">
  <testcase name="deleteComputer" time="2.327" classname="com.pageobjectmodelassignment.testcases.TC_003_Delete_Computer"/>
  <testcase name="addNewComputer" time="1.970" classname="com.pageobjectmodelassignment.testcases.TC_003_Delete_Computer"/>
  <testcase name="searchDeletedComputer" time="0.653" classname="com.pageobjectmodelassignment.testcases.TC_003_Delete_Computer"/>
</testsuite> <!-- com.pageobjectmodelassignment.testcases.TC_003_Delete_Computer -->
