<?xml version="1.0" encoding="UTF-8"?>
<!-- Generated by org.testng.reporters.JUnitReportReporter -->
<testsuite hostname="USMUMRKARKHA2" name="com.pageobjectmodelassignment.testcases.TC_001_Add_New_Computer2" tests="2" failures="0" timestamp="10 Feb 2019 23:42:28 GMT" time="2.641" errors="0">
  <testcase name="addNewComputer" time="1.867" classname="com.pageobjectmodelassignment.testcases.TC_001_Add_New_Computer2"/>
  <testcase name="searchAddedComputer" time="0.774" classname="com.pageobjectmodelassignment.testcases.TC_001_Add_New_Computer2"/>
</testsuite> <!-- com.pageobjectmodelassignment.testcases.TC_001_Add_New_Computer2 -->
