<?xml version="1.0" encoding="UTF-8"?>
<!-- Generated by org.testng.reporters.JUnitReportReporter -->
<testsuite hostname="USMUMRKARKHA2" name="com.pageobjectmodelassignment.testcases.TC_002_Retrieve_Existing_Computer" tests="2" failures="0" timestamp="22 Feb 2019 00:00:06 GMT" time="4.141" errors="0">
  <testcase name="addNewComputer" time="1.952" classname="com.pageobjectmodelassignment.testcases.TC_002_Retrieve_Existing_Computer"/>
  <testcase name="validateRetrieveComputer" time="2.189" classname="com.pageobjectmodelassignment.testcases.TC_002_Retrieve_Existing_Computer"/>
</testsuite> <!-- com.pageobjectmodelassignment.testcases.TC_002_Retrieve_Existing_Computer -->
