<?xml version="1.0" encoding="UTF-8"?>
<!-- Generated by org.testng.reporters.JUnitReportReporter -->
<testsuite hostname="USMUMRKARKHA2" name="com.pageobjectmodelskeleton.testcases.ProfileTest" tests="1" failures="0" timestamp="7 Feb 2019 01:35:02 GMT" time="0.010" errors="0">
  <testcase name="integrationTest" time="0.010" classname="com.pageobjectmodelskeleton.testcases.ProfileTest"/>
</testsuite> <!-- com.pageobjectmodelskeleton.testcases.ProfileTest -->
